<?xml version="1.0" encoding="UTF-8"?>
<testsuite xmlns:xsi="http://www.w3.org/2001/XMLSchema-instance" xsi:noNamespaceSchemaLocation="https://maven.apache.org/surefire/maven-surefire-plugin/xsd/surefire-test-report-3.0.xsd" version="3.0" name="org.acme.GreetingResourceTest" time="16.873" tests="1" errors="0" skipped="0" failures="0">
  <properties>
[...]
</properties>
  <testcase name="testHelloEndpoint" classname="org.acme.GreetingResourceTest" time="0.709">
    <system-out><![CDATA[2023-01-23 23:39:19,111 WARN  [io.net.res.dns.DnsServerAddressStreamProviders] (build-44) Can not find io.netty.resolver.dns.macos.MacOSDnsServerAddressStreamProvider in the classpath, fallback to system defaults. This may result in incorrect DNS resolutions on MacOS. Check whether you have a dependency on 'io.netty:netty-resolver-dns-native-macos'
2023-01-23 23:39:19,185 INFO  [io.qua.ama.lam.run.MockEventServer] (build-44) Mock Lambda Event Server Started
2023-01-23 23:39:19,421 INFO  [org.tes.doc.DockerClientProviderStrategy] (build-68) Loaded org.testcontainers.dockerclient.UnixSocketClientProviderStrategy from ~/.testcontainers.properties, will try it first
2023-01-23 23:39:20,599 INFO  [org.tes.doc.DockerClientProviderStrategy] (build-68) Found Docker environment with local Unix socket (unix:///var/run/docker.sock)
2023-01-23 23:39:20,600 INFO  [org.tes.DockerClientFactory] (build-68) Docker host IP address is localhost
2023-01-23 23:39:20,618 INFO  [org.tes.DockerClientFactory] (build-68) Connected to docker: 
  Server Version: 20.10.22
  API Version: 1.41
  Operating System: Docker Desktop
  Total Memory: 7851 MB
2023-01-23 23:39:20,637 INFO  [org.tes.uti.ImageNameSubstitutor] (build-68) Image name substitution will be performed by: DefaultImageNameSubstitutor (composite of 'ConfigurationFileImageNameSubstitutor' and 'PrefixingImageNameSubstitutor')
2023-01-23 23:39:20,641 INFO  [org.tes.DockerClientFactory] (build-68) Checking the system...
2023-01-23 23:39:20,641 INFO  [org.tes.DockerClientFactory] (build-68) ✔︎ Docker server version should be at least 1.6.0
2023-01-23 23:39:20,707 INFO  [🐳 [localstack/localstack:latest]] (build-68) HOSTNAME_EXTERNAL environment variable set to localstack-m9kbb (to match last network alias on container with non-default network)
2023-01-23 23:39:20,709 INFO  [🐳 [localstack/localstack:latest]] (build-68) Creating container for image: localstack/localstack:latest
2023-01-23 23:39:20,975 INFO  [🐳 .3.4]] (build-68) Creating container for image: testcontainers/ryuk:0.3.4
2023-01-23 23:39:21,059 INFO  [🐳 .3.4]] (build-68) Container testcontainers/ryuk:0.3.4 is starting: 9a2c115965ac7525b6c2dbbd33a97bdb7262c34434a1910ea44028d3be65d863
2023-01-23 23:39:21,386 INFO  [🐳 .3.4]] (build-68) Container testcontainers/ryuk:0.3.4 started in PT0.410438S
2023-01-23 23:39:21,795 INFO  [🐳 [localstack/localstack:latest]] (build-68) Container localstack/localstack:latest is starting: 27aae6d8dcab72b41436404db2351a7eb3f6f805fce63c750fb196a5d64e777e
2023-01-23 23:39:32,759 INFO  [🐳 [localstack/localstack:latest]] (build-68) Container localstack/localstack:latest started in PT12.051081S
2023-01-23 23:39:32,764 INFO  [io.qua.ama.com.dep.DevServicesLocalStackProcessor] (build-68) Amazon Dev Services for localstack (dynamodb) started. Other Quarkus applications in dev mode will find the LocalStack automatically.
2023-01-23 23:39:33,310 INFO  [io.qua.ama.lam.run.AbstractLambdaPollLoop] (Lambda Thread (TEST)) Listening on: http://localhost:8081/_lambda_/2018-06-01/runtime/invocation/next
2023-01-23 23:39:33,366 INFO  [io.quarkus] (main) piggybank 1.0.0-SNAPSHOT on JVM (powered by Quarkus 2.15.3.Final) started in 14.856s. 
2023-01-23 23:39:33,367 INFO  [io.quarkus] (main) Profile test activated. 
2023-01-23 23:39:33,367 INFO  [io.quarkus] (main) Installed features: [amazon-dynamodb, amazon-lambda, cdi, resteasy-reactive, resteasy-reactive-jackson, security, smallrye-context-propagation, vertx]
]]></system-out>
  </testcase>
</testsuite>